<?xml version="1.0" encoding="utf-8"?><testsuites name="pytest tests"><testsuite name="pytest" errors="0" failures="0" skipped="0" tests="49" time="13.466" timestamp="2026-09-01T13:07:39.467749+00:00" hostname="agent-env-94c9b30f-7fa0-4922-b0d4-df0395a5faca"><testcase classname="backend.tests.test_stage8.TestRoomMasterWebhook" name="test_missing_header_401" time="0.342" /><testcase classname="backend.tests.test_stage8.TestRoomMasterWebhook" name="test_wrong_header_401" time="0.227" /><testcase classname="backend.tests.test_stage8.TestRoomMasterWebhook" name="test_invalid_email_400" time="0.858" /><testcase classname="backend.tests.test_stage8.TestRoomMasterWebhook" name="test_checkin_after_checkout_400" time="0.168" /><testcase classname="backend.tests.test_stage8.TestRoomMasterWebhook" name="test_unknown_event_type_400" time="0.170" /><testcase classname="backend.tests.test_stage8.TestRoomMasterWebhook" name="test_missing_required_field_400" time="0.141" /><testcase classname="backend.tests.test_stage8.TestRoomMasterWebhook" name="test_unknown_property_400_skipped" time="0.154" /><testcase classname="backend.tests.test_stage8.TestRoomMasterWebhook" name="test_valid_create_then_update" time="0.286" /><testcase classname="backend.tests.test_stage8.TestRoomMasterWebhook" name="test_logs_visible_to_manager" time="1.411" /><testcase classname="backend.tests.test_stage8.TestRoomMasterWebhook" name="test_logs_forbidden_for_staff" time="1.279" /><testcase classname="backend.tests.test_stage8.TestInbox" name="test_create_sets_sentiment_and_urgent" time="0.354" /><testcase classname="backend.tests.test_stage8.TestInbox" name="test_list_default" time="0.167" /><testcase classname="backend.tests.test_stage8.TestInbox" name="test_list_search_short_q_ignored" time="0.167" /><testcase classname="backend.tests.test_stage8.TestInbox" name="test_list_search_matches_body" time="0.137" /><testcase classname="backend.tests.test_stage8.TestInbox" name="test_list_filter_sentiment" time="0.142" /><testcase classname="backend.tests.test_stage8.TestInbox" name="test_counts" time="0.167" /><testcase classname="backend.tests.test_stage8.TestInbox" name="test_get_one_with_thread" time="0.157" /><testcase classname="backend.tests.test_stage8.TestInbox" name="test_mark_read" time="0.169" /><testcase classname="backend.tests.test_stage8.TestInbox" name="test_draft_reply_stub" time="0.163" /><testcase classname="backend.tests.test_stage8.TestInbox" name="test_send_reply_empty_body_400" time="0.161" /><testcase classname="backend.tests.test_stage8.TestInbox" name="test_send_reply" time="0.628" /><testcase classname="backend.tests.test_stage8.TestInbox" name="test_archive" time="0.126" /><testcase classname="backend.tests.test_stage8.TestInbox" name="test_staff_forbidden_on_inbox_list" time="0.228" /><testcase classname="backend.tests.test_stage8.TestCommandCentre" name="test_manager_can_get" time="0.139" /><testcase classname="backend.tests.test_stage8.TestCommandCentre" name="test_staff_forbidden" time="0.159" /><testcase classname="backend.tests.test_stage8.TestPaddle" name="test_create" time="0.170" /><testcase classname="backend.tests.test_stage8.TestPaddle" name="test_list_by_date" time="0.171" /><testcase classname="backend.tests.test_stage8.TestPaddle" name="test_update_status" time="0.142" /><testcase classname="backend.tests.test_stage8.TestPaddle" name="test_delete" time="0.299" /><testcase classname="backend.tests.test_stage8.TestPricing" name="test_upsert_and_calc" time="0.608" /><testcase classname="backend.tests.test_stage8.TestPricing" name="test_upsert_unknown_property_404" time="0.169" /><testcase classname="backend.tests.test_stage8.TestPricing" name="test_bulk_import" time="0.148" /><testcase classname="backend.tests.test_stage8.TestPricing" name="test_export_csv" time="0.157" /><testcase classname="backend.tests.test_stage8.TestPricing" name="test_staff_forbidden" time="0.135" /><testcase classname="backend.tests.test_stage8.TestNotifications" name="test_list_all_roles" time="0.508" /><testcase classname="backend.tests.test_stage8.TestNotifications" name="test_inbox_message_emits_notification" time="0.268" /><testcase classname="backend.tests.test_stage8.TestNotifications" name="test_mark_read_and_read_all" time="0.683" /><testcase classname="backend.tests.test_stage8.TestRBAC" name="test_staff_forbidden[/inbox]" time="0.146" /><testcase classname="backend.tests.test_stage8.TestRBAC" name="test_staff_forbidden[/inbox/counts]" time="0.180" /><testcase classname="backend.tests.test_stage8.TestRBAC" name="test_staff_forbidden[/command-centre]" time="0.160" /><testcase classname="backend.tests.test_stage8.TestRBAC" name="test_staff_forbidden[/paddle]" time="0.144" /><testcase classname="backend.tests.test_stage8.TestRBAC" name="test_staff_forbidden[/pricing]" time="0.146" /><testcase classname="backend.tests.test_stage8.TestRBAC" name="test_staff_forbidden[/roommaster/logs]" time="0.159" /><testcase classname="backend.tests.test_stage8.TestRBAC" name="test_manager_allowed[/inbox]" time="0.156" /><testcase classname="backend.tests.test_stage8.TestRBAC" name="test_manager_allowed[/inbox/counts]" time="0.142" /><testcase classname="backend.tests.test_stage8.TestRBAC" name="test_manager_allowed[/command-centre]" time="0.142" /><testcase classname="backend.tests.test_stage8.TestRBAC" name="test_manager_allowed[/paddle]" time="0.145" /><testcase classname="backend.tests.test_stage8.TestRBAC" name="test_manager_allowed[/pricing]" time="0.120" /><testcase classname="backend.tests.test_stage8.TestRBAC" name="test_manager_allowed[/roommaster/logs]" time="0.141" /></testsuite></testsuites>